mode: set
github.com/anurag/shortenurl/cmd/migrate/main.go:16.13,19.16 2 0
github.com/anurag/shortenurl/cmd/migrate/main.go:19.16,21.3 1 0
github.com/anurag/shortenurl/cmd/migrate/main.go:22.2,39.16 4 0
github.com/anurag/shortenurl/cmd/migrate/main.go:39.16,41.3 1 0
github.com/anurag/shortenurl/cmd/migrate/main.go:43.2,44.16 2 0
github.com/anurag/shortenurl/cmd/migrate/main.go:44.16,46.3 1 0
github.com/anurag/shortenurl/cmd/migrate/main.go:48.2,48.20 1 0
github.com/anurag/shortenurl/cmd/migrate/main.go:48.20,51.3 2 0
github.com/anurag/shortenurl/cmd/migrate/main.go:53.2,53.39 1 0
github.com/anurag/shortenurl/docs/docs.go:157.13,159.2 1 0
github.com/anurag/shortenurl/cmd/api/main.go:24.13,31.16 4 0
github.com/anurag/shortenurl/cmd/api/main.go:31.16,33.3 1 0
github.com/anurag/shortenurl/cmd/api/main.go:34.2,40.34 3 0
github.com/anurag/shortenurl/cmd/api/main.go:43.47,62.2 7 0
github.com/anurag/shortenurl/internal/db/migrations/migrations.go:15.13,16.59 1 0
github.com/anurag/shortenurl/internal/db/migrations/migrations.go:16.59,17.13 1 0
github.com/anurag/shortenurl/internal/utils/validator.go:14.44,16.2 1 0
github.com/anurag/shortenurl/internal/utils/validator.go:18.58,19.39 1 0
github.com/anurag/shortenurl/internal/utils/validator.go:19.39,21.3 1 0
github.com/anurag/shortenurl/internal/utils/validator.go:22.2,22.12 1 0
github.com/anurag/shortenurl/internal/api/short_url_handler.go:16.75,18.2 1 1
github.com/anurag/shortenurl/internal/api/short_url_handler.go:32.60,34.36 2 1
github.com/anurag/shortenurl/internal/api/short_url_handler.go:34.36,36.3 1 0
github.com/anurag/shortenurl/internal/api/short_url_handler.go:38.2,38.40 1 1
github.com/anurag/shortenurl/internal/api/short_url_handler.go:38.40,40.3 1 0
github.com/anurag/shortenurl/internal/api/short_url_handler.go:42.2,43.16 2 1
github.com/anurag/shortenurl/internal/api/short_url_handler.go:43.16,46.3 2 0
github.com/anurag/shortenurl/internal/api/short_url_handler.go:48.2,55.45 2 1
github.com/anurag/shortenurl/internal/api/short_url_handler.go:67.58,69.21 2 1
github.com/anurag/shortenurl/internal/api/short_url_handler.go:69.21,71.3 1 0
github.com/anurag/shortenurl/internal/api/short_url_handler.go:73.2,74.16 2 1
github.com/anurag/shortenurl/internal/api/short_url_handler.go:74.16,76.3 1 0
github.com/anurag/shortenurl/internal/api/short_url_handler.go:78.2,78.66 1 1
github.com/anurag/shortenurl/internal/utils/validator.go:14.44,16.2 1 1
github.com/anurag/shortenurl/internal/utils/validator.go:18.58,19.39 1 1
github.com/anurag/shortenurl/internal/utils/validator.go:19.39,21.3 1 0
github.com/anurag/shortenurl/internal/utils/validator.go:22.2,22.12 1 1
github.com/anurag/shortenurl/internal/service/short_url_service_impl.go:18.79,20.2 1 1
github.com/anurag/shortenurl/internal/service/short_url_service_impl.go:22.148,24.24 2 1
github.com/anurag/shortenurl/internal/service/short_url_service_impl.go:24.24,26.3 1 0
github.com/anurag/shortenurl/internal/service/short_url_service_impl.go:26.8,28.3 1 1
github.com/anurag/shortenurl/internal/service/short_url_service_impl.go:30.2,36.53 2 1
github.com/anurag/shortenurl/internal/service/short_url_service_impl.go:36.53,38.3 1 0
github.com/anurag/shortenurl/internal/service/short_url_service_impl.go:40.2,40.22 1 1
github.com/anurag/shortenurl/internal/service/short_url_service_impl.go:43.111,45.16 2 1
github.com/anurag/shortenurl/internal/service/short_url_service_impl.go:45.16,47.3 1 0
github.com/anurag/shortenurl/internal/service/short_url_service_impl.go:49.2,49.72 1 1
github.com/anurag/shortenurl/internal/service/short_url_service_impl.go:49.72,51.3 1 0
github.com/anurag/shortenurl/internal/service/short_url_service_impl.go:53.2,53.69 1 1
github.com/anurag/shortenurl/internal/service/short_url_service_impl.go:53.69,55.3 1 0
github.com/anurag/shortenurl/internal/service/short_url_service_impl.go:57.2,57.22 1 1
github.com/anurag/shortenurl/internal/service/short_url_service_impl.go:60.49,64.2 3 1
github.com/anurag/shortenurl/internal/db/repositories/short_url_repository_bun.go:14.59,16.2 1 1
github.com/anurag/shortenurl/internal/db/repositories/short_url_repository_bun.go:18.94,23.2 2 1
github.com/anurag/shortenurl/internal/db/repositories/short_url_repository_bun.go:25.114,32.2 3 1
github.com/anurag/shortenurl/internal/db/repositories/short_url_repository_bun.go:34.90,41.2 2 1
